<?xml version="1.0" encoding="UTF-8"?>
<!-- Generated by org.testng.reporters.JUnitXMLReporter -->
<testsuite hostname="SEZLAP-13554T" ignored="46" tests="0" failures="0" timestamp="2022-05-02T11:22:37 IST" time="0.009" errors="0">
  <testcase name="verifyAuthCancelButton" time="0.0" classname="com.apex.testCases.CashDrawerMaintenance">
    <ignored/>
  </testcase> <!-- verifyAuthCancelButton -->
  <testcase name="TC07verify_Loose_Sum" time="0.0" classname="com.apex.testCases.CashDrawerMaintenance">
    <ignored/>
  </testcase> <!-- TC07verify_Loose_Sum -->
  <testcase name="TC37verifyThatAssignToRegisterSearchIsWorkingWithValidData" time="0.0" classname="com.apex.testCases.CashDrawerMaintenance">
    <ignored/>
  </testcase> <!-- TC37verifyThatAssignToRegisterSearchIsWorkingWithValidData -->
  <testcase name="TC42VerifySiteNoAndSiteNameAreDisabled" time="0.0" classname="com.apex.testCases.CashDrawerMaintenance">
    <ignored/>
  </testcase> <!-- TC42VerifySiteNoAndSiteNameAreDisabled -->
  <testcase name="TC43VerifyCancelButton" time="0.0" classname="com.apex.testCases.CashDrawerMaintenance">
    <ignored/>
  </testcase> <!-- TC43VerifyCancelButton -->
  <testcase name="TC08createNewCashDrawerwithregidAndVerifySaveAction" time="0.0" classname="com.apex.testCases.CashDrawerMaintenance">
    <ignored/>
  </testcase> <!-- TC08createNewCashDrawerwithregidAndVerifySaveAction -->
  <testcase name="TC23verifyAuthorisationWindowWithInvalidcredentials" time="0.0" classname="com.apex.testCases.CashDrawerMaintenance">
    <ignored/>
  </testcase> <!-- TC23verifyAuthorisationWindowWithInvalidcredentials -->
  <testcase name="TC30changesIncurrencyCoinOtherTenders" time="0.0" classname="com.apex.testCases.CashDrawerMaintenance">
    <ignored/>
  </testcase> <!-- TC30changesIncurrencyCoinOtherTenders -->
  <testcase name="TC24verifycashBoxLovData" time="0.0" classname="com.apex.testCases.CashDrawerMaintenance">
    <ignored/>
  </testcase> <!-- TC24verifycashBoxLovData -->
  <testcase name="TC06verify_rolls_Sum" time="0.0" classname="com.apex.testCases.CashDrawerMaintenance">
    <ignored/>
  </testcase> <!-- TC06verify_rolls_Sum -->
  <testcase name="TC22verifyCancelButtonCashDrawerDecelaration" time="0.0" classname="com.apex.testCases.CashDrawerMaintenance">
    <ignored/>
  </testcase> <!-- TC22verifyCancelButtonCashDrawerDecelaration -->
  <testcase name="TC45verifyPOSCASHDRAWERASSIGNEDOnRecon" time="0.0" classname="com.apex.testCases.CashDrawerMaintenance">
    <ignored/>
  </testcase> <!-- TC45verifyPOSCASHDRAWERASSIGNEDOnRecon -->
  <testcase name="TC44verifySAFE_RECON_IN_PROCESS_OnReconScreen" time="0.0" classname="com.apex.testCases.CashDrawerMaintenance">
    <ignored/>
  </testcase> <!-- TC44verifySAFE_RECON_IN_PROCESS_OnReconScreen -->
  <testcase name="TC04verifyRegisterLovshouldbematchingtherecordsasperMMSO" time="0.0" classname="com.apex.testCases.CashDrawerMaintenance">
    <ignored/>
  </testcase> <!-- TC04verifyRegisterLovshouldbematchingtherecordsasperMMSO -->
  <testcase name="TC38verifyThatAssignToRegisterSearchIsWorkingWithInValidData" time="0.0" classname="com.apex.testCases.CashDrawerMaintenance">
    <ignored/>
  </testcase> <!-- TC38verifyThatAssignToRegisterSearchIsWorkingWithInValidData -->
  <testcase name="TC33verifyPOSCASHDRAWERASSIGNED" time="0.0" classname="com.apex.testCases.CashDrawerMaintenance">
    <ignored/>
  </testcase> <!-- TC33verifyPOSCASHDRAWERASSIGNED -->
  <testcase name="TC19verifyThatOnly_Depositabe_Tenders_Are_Shown_In_The_Tender_Section" time="0.0" classname="com.apex.testCases.CashDrawerMaintenance">
    <ignored/>
  </testcase> <!-- TC19verifyThatOnly_Depositabe_Tenders_Are_Shown_In_The_Tender_Section -->
  <testcase name="TC43VerifyThatCashDrawerTextFieldIsAMandatory" time="0.0" classname="com.apex.testCases.CashDrawerMaintenance">
    <ignored/>
  </testcase> <!-- TC43VerifyThatCashDrawerTextFieldIsAMandatory -->
  <testcase name="TC32verifyTheCashDrawerValidationMessage" time="0.0" classname="com.apex.testCases.CashDrawerMaintenance">
    <ignored/>
  </testcase> <!-- TC32verifyTheCashDrawerValidationMessage -->
  <testcase name="TC35verifyThatAssignToRegisterIsMandatory" time="0.0" classname="com.apex.testCases.CashDrawerMaintenance">
    <ignored/>
  </testcase> <!-- TC35verifyThatAssignToRegisterIsMandatory -->
  <testcase name="TC16verifyPOSCASHDRAWERASSIGNED" time="0.0" classname="com.apex.testCases.CashDrawerMaintenance">
    <ignored/>
  </testcase> <!-- TC16verifyPOSCASHDRAWERASSIGNED -->
  <testcase name="TC25verifyRegLovData" time="0.0" classname="com.apex.testCases.CashDrawerMaintenance">
    <ignored/>
  </testcase> <!-- TC25verifyRegLovData -->
  <testcase name="TC10verify_Clear_Button_cashDrawerSetUp" time="0.0" classname="com.apex.testCases.CashDrawerMaintenance">
    <ignored/>
  </testcase> <!-- TC10verify_Clear_Button_cashDrawerSetUp -->
  <testcase name="TC26verifyHeaderFieldsGreyedOut" time="0.0" classname="com.apex.testCases.CashDrawerMaintenance">
    <ignored/>
  </testcase> <!-- TC26verifyHeaderFieldsGreyedOut -->
  <testcase name="TC27verifyTenderCashAmountInCashDrawerDeclaration" time="0.0" classname="com.apex.testCases.CashDrawerMaintenance">
    <ignored/>
  </testcase> <!-- TC27verifyTenderCashAmountInCashDrawerDeclaration -->
  <testcase name="TC21verifyExitButtonCashDrawerDecelaration" time="0.0" classname="com.apex.testCases.CashDrawerMaintenance">
    <ignored/>
  </testcase> <!-- TC21verifyExitButtonCashDrawerDecelaration -->
  <testcase name="TC46verifyCheckDetailsButtonIsEnable" time="0.0" classname="com.apex.testCases.CashDrawerMaintenance">
    <ignored/>
  </testcase> <!-- TC46verifyCheckDetailsButtonIsEnable -->
  <testcase name="TC09createNewCashDrawerwithoutregidAndVerifySaveAction" time="0.0" classname="com.apex.testCases.CashDrawerMaintenance">
    <ignored/>
  </testcase> <!-- TC09createNewCashDrawerwithoutregidAndVerifySaveAction -->
  <testcase name="TC17verifyTheSuggestedFloatAmountShouldBeComingFromTheQuery" time="0.0" classname="com.apex.testCases.CashDrawerMaintenance">
    <ignored/>
  </testcase> <!-- TC17verifyTheSuggestedFloatAmountShouldBeComingFromTheQuery -->
  <testcase name="TC11verify_Exit_Button_CashDrawerSetUp" time="0.0" classname="com.apex.testCases.CashDrawerMaintenance">
    <ignored/>
  </testcase> <!-- TC11verify_Exit_Button_CashDrawerSetUp -->
  <testcase name="TC15verifyAssignToRegisterSearchWithInValidData" time="0.0" classname="com.apex.testCases.CashDrawerMaintenance">
    <ignored/>
  </testcase> <!-- TC15verifyAssignToRegisterSearchWithInValidData -->
  <testcase name="TC05verify_Currency_Sum" time="0.0" classname="com.apex.testCases.CashDrawerMaintenance">
    <ignored/>
  </testcase> <!-- TC05verify_Currency_Sum -->
  <testcase name="TC31verifyTheAssignToRegisterValidationMessage" time="0.0" classname="com.apex.testCases.CashDrawerMaintenance">
    <ignored/>
  </testcase> <!-- TC31verifyTheAssignToRegisterValidationMessage -->
  <testcase name="TC03verifyAuthorizationWindowWithWrongcredentials" time="0.0" classname="com.apex.testCases.CashDrawerMaintenance">
    <ignored/>
  </testcase> <!-- TC03verifyAuthorizationWindowWithWrongcredentials -->
  <testcase name="TC20verifySiteNoAndSiteNameTextFiledAreVisible" time="0.0" classname="com.apex.testCases.CashDrawerMaintenance">
    <ignored/>
  </testcase> <!-- TC20verifySiteNoAndSiteNameTextFiledAreVisible -->
  <testcase name="TC36verifyThatCashDrawerIsMandatory" time="0.0" classname="com.apex.testCases.CashDrawerMaintenance">
    <ignored/>
  </testcase> <!-- TC36verifyThatCashDrawerIsMandatory -->
  <testcase name="TC18verifySAFE_RECON_IN_PROCESS" time="0.0" classname="com.apex.testCases.CashDrawerMaintenance">
    <ignored/>
  </testcase> <!-- TC18verifySAFE_RECON_IN_PROCESS -->
  <testcase name="TC02verifyCurrencySectionValidationMessagesOnCashdrawerSetupScreen" time="0.0" classname="com.apex.testCases.CashDrawerMaintenance">
    <ignored/>
  </testcase> <!-- TC02verifyCurrencySectionValidationMessagesOnCashdrawerSetupScreen -->
  <testcase name="TC01oginWithValidCredentials" time="0.0" classname="com.apex.testCases.CashDrawerMaintenance">
    <ignored/>
  </testcase> <!-- TC01oginWithValidCredentials -->
  <testcase name="TC39verifyThatCashDrawerLovSearchIsWorkingWithValidData" time="0.0" classname="com.apex.testCases.CashDrawerMaintenance">
    <ignored/>
  </testcase> <!-- TC39verifyThatCashDrawerLovSearchIsWorkingWithValidData -->
  <testcase name="TC47verifyCSHBOX_FORCE_DECLARATION" time="0.0" classname="com.apex.testCases.CashDrawerMaintenance">
    <ignored/>
  </testcase> <!-- TC47verifyCSHBOX_FORCE_DECLARATION -->
  <testcase name="TC12verify_CurrencySection_With_Invalid_Data" time="0.0" classname="com.apex.testCases.CashDrawerMaintenance">
    <ignored/>
  </testcase> <!-- TC12verify_CurrencySection_With_Invalid_Data -->
  <testcase name="TC34verifyCheckdetailsValueISAddedToCheckField" time="0.0" classname="com.apex.testCases.CashDrawerMaintenance">
    <ignored/>
  </testcase> <!-- TC34verifyCheckdetailsValueISAddedToCheckField -->
  <testcase name="TC14verifyAssignToRegisterSearchWithValidData" time="0.0" classname="com.apex.testCases.CashDrawerMaintenance">
    <ignored/>
  </testcase> <!-- TC14verifyAssignToRegisterSearchWithValidData -->
  <testcase name="TC40verifyThatCashDrawerLovIsWorkingWithInValidData" time="0.0" classname="com.apex.testCases.CashDrawerMaintenance">
    <ignored/>
  </testcase> <!-- TC40verifyThatCashDrawerLovIsWorkingWithInValidData -->
  <testcase name="TC13verifySiteNoAndSiteNameAreDisabled" time="0.0" classname="com.apex.testCases.CashDrawerMaintenance">
    <ignored/>
  </testcase> <!-- TC13verifySiteNoAndSiteNameAreDisabled -->
</testsuite>
