<?xml version="1.0" encoding="UTF-8"?>
<!-- Generated by org.testng.reporters.JUnitXMLReporter -->
<testsuite hostname="SEZLAP-13554T" ignored="0" name="Test" tests="19" failures="0" timestamp="2023-03-07T18:45:01 IST" time="728.222" errors="0">
  <testcase name="TC01verifyPageTitleONConfigurationFlagMaintenance" time="17.738" classname="com.apex.testCases.ConfigurationFlagMaintenanceTC"/>
  <testcase name="TC02verifyRemotesiteAccessONConfigurationFlagMaintenance" time="23.487" classname="com.apex.testCases.ConfigurationFlagMaintenanceTC"/>
  <testcase name="TC03verifySearchConfigurationFlagMaintenance" time="32.493" classname="com.apex.testCases.ConfigurationFlagMaintenanceTC"/>
  <testcase name="TC04verifySearchWithInvalidDataConfigurationFlagMaintenance" time="26.119" classname="com.apex.testCases.ConfigurationFlagMaintenanceTC"/>
  <testcase name="TC05verifyValueFieldCheckForNumberConfigurationFlagMaintenance" time="26.152" classname="com.apex.testCases.ConfigurationFlagMaintenanceTC"/>
  <testcase name="TC06verifyValueFieldCheckForFlagConfigurationFlagMaintenance" time="16.167" classname="com.apex.testCases.ConfigurationFlagMaintenanceTC">
    <skipped/>
  </testcase> <!-- TC06verifyValueFieldCheckForFlagConfigurationFlagMaintenance -->
  <testcase name="TC06verifyValueFieldCheckForFlagConfigurationFlagMaintenance" time="25.648" classname="com.apex.testCases.ConfigurationFlagMaintenanceTC"/>
  <testcase name="TC07verifyValueFieldCheckForDateConfigurationFlagMaintenance" time="39.432" classname="com.apex.testCases.ConfigurationFlagMaintenanceTC"/>
  <testcase name="TC08verifyValueFieldCheckForNumberAgainstDBOnConfigurationFlagMaintenance" time="34.194" classname="com.apex.testCases.ConfigurationFlagMaintenanceTC"/>
  <testcase name="TC09verifyValueFieldCheckForFlagAgainstDBOnConfigurationFlagMaintenance" time="42.249" classname="com.apex.testCases.ConfigurationFlagMaintenanceTC"/>
  <testcase name="TC10verifyValueFieldCheckForTextAgainstDBOnConfigurationFlagMaintenance" time="32.848" classname="com.apex.testCases.ConfigurationFlagMaintenanceTC"/>
  <testcase name="TC13verifyCancelPopYesButtonOnConfigurationFlagMaintenance" time="24.303" classname="com.apex.testCases.ConfigurationFlagMaintenanceTC">
    <skipped/>
  </testcase> <!-- TC13verifyCancelPopYesButtonOnConfigurationFlagMaintenance -->
  <testcase name="TC13verifyCancelPopYesButtonOnConfigurationFlagMaintenance" time="31.668" classname="com.apex.testCases.ConfigurationFlagMaintenanceTC"/>
  <testcase name="TC11verifyValueFieldCheckForDateAgainstDBOnConfigurationFlagMaintenance" time="31.431" classname="com.apex.testCases.ConfigurationFlagMaintenanceTC"/>
  <testcase name="TC12verifyFilterTypeDataOnConfigurationFlagMaintenance" time="28.615" classname="com.apex.testCases.ConfigurationFlagMaintenanceTC"/>
  <testcase name="TC14verifyCancelPopNoButtonOnConfigurationFlagMaintenance" time="32.53" classname="com.apex.testCases.ConfigurationFlagMaintenanceTC">
    <skipped/>
  </testcase> <!-- TC14verifyCancelPopNoButtonOnConfigurationFlagMaintenance -->
  <testcase name="TC14verifyCancelPopNoButtonOnConfigurationFlagMaintenance" time="38.695" classname="com.apex.testCases.ConfigurationFlagMaintenanceTC"/>
  <testcase name="TC15verifyCancelPopCancelButtonOnConfigurationFlagMaintenance" time="38.305" classname="com.apex.testCases.ConfigurationFlagMaintenanceTC"/>
  <testcase name="TC16verifyExitButtonOnConfigurationFlagMaintenance" time="34.287" classname="com.apex.testCases.ConfigurationFlagMaintenanceTC"/>
</testsuite> <!-- Test -->
