<?xml version="1.0" encoding="UTF-8"?>
<!-- Generated by org.testng.reporters.JUnitXMLReporter -->
<testsuite hostname="SEZLAP-13554T" ignored="99" name="Test(failed)" tests="37" failures="1" timestamp="2022-08-02T15:49:53 IST" time="2244.556" errors="0">
  <testcase name="TC09verifyPreviewButton" time="27.459" classname="com.apex.testCases.CashManagementReports"/>
  <testcase name="TC04verifybillNameMoveFundsScreen" time="27.48" classname="com.apex.testCases.MoveFundsTC"/>
  <testcase name="TC05verifyCoinNameMoveFundsScreen" time="28.255" classname="com.apex.testCases.MoveFundsTC"/>
  <testcase name="TC06verifyFromAndTOValuesINValidMessage" time="24.7" classname="com.apex.testCases.MoveFundsTC"/>
  <testcase name="TC07verifyCancelorClearButton" time="21.731" classname="com.apex.testCases.MoveFundsTC"/>
  <testcase name="TC08verifyTendersCheckNoAutoReconcilingAreShown" time="31.715" classname="com.apex.testCases.MoveFundsTC"/>
  <testcase name="TC11verifyDrawerIfSelectedFromAgainstDB" time="47.034" classname="com.apex.testCases.MoveFundsTC"/>
  <testcase name="TC12verifyDrawerIfSelectedTOAgainstDB" time="44.502" classname="com.apex.testCases.MoveFundsTC"/>
  <testcase name="TC13verifyThatCommentFieldISMandatory" time="24.963" classname="com.apex.testCases.MoveFundsTC"/>
  <testcase name="TC14verifySAFE_RECON_IN_PROCESS_OnMoveFunds" time="111.475" classname="com.apex.testCases.MoveFundsTC"/>
  <testcase name="TC15verifyCommentFieldIsMandatoryOnthebasisOfFlag" time="23.202" classname="com.apex.testCases.MoveFundsTC"/>
  <testcase name="TC16verifyAuthorizationWindowWgOnMoveFunds" time="27.002" classname="com.apex.testCases.MoveFundsTC"/>
  <testcase name="TC17verifyAuthorizationWindowWithWrongCredentialsOnMoveFunds" time="30.668" classname="com.apex.testCases.MoveFundsTC"/>
  <testcase name="TC17verifySAFE_TRAN_TYPE_REQUIRED" time="32.107" classname="com.apex.testCases.SafeMaintenance"/>
  <testcase name="TC18verifyThatTypeFiledIsRequired" time="38.001" classname="com.apex.testCases.SafeMaintenance"/>
  <testcase name="TC25verifyReconciliationDateLessthanCurrentDate" time="72.362" classname="com.apex.testCases.SafeMaintenance"/>
  <testcase name="TC29VerifyTenderRegionShouldBePopulated" time="44.72" classname="com.apex.testCases.SafeMaintenance"/>
  <testcase name="TC30verifyTotalExpectedAmountInTenderSection" time="49.063" classname="com.apex.testCases.SafeMaintenance"/>
  <testcase name="TC32verifybillNameSafeRecon" time="40.615" classname="com.apex.testCases.SafeMaintenance"/>
  <testcase name="TC33verifyCoinNameSafeRecon" time="40.337" classname="com.apex.testCases.SafeMaintenance"/>
  <testcase name="TC34verifyunreconciledDrawersDate" time="40.784" classname="com.apex.testCases.SafeMaintenance"/>
  <testcase name="TC35verifyExpAmountSumInCheckAuditScreen" time="102.125" classname="com.apex.testCases.SafeMaintenance">
    <skipped/>
  </testcase> <!-- TC35verifyExpAmountSumInCheckAuditScreen -->
  <testcase name="TC35verifyExpAmountSumInCheckAuditScreen" time="99.513" classname="com.apex.testCases.SafeMaintenance">
    <skipped/>
  </testcase> <!-- TC35verifyExpAmountSumInCheckAuditScreen -->
  <testcase name="TC35verifyExpAmountSumInCheckAuditScreen" time="94.172" classname="com.apex.testCases.SafeMaintenance">
    <failure type="org.openqa.selenium.TimeoutException" message="Expected condition failed: waiting for element to be clickable: By.xpath: //button[text()=&amp;apos;OK&amp;apos;] (tried for 60 second(s) with 500 milliseconds interval)
Build info: version: &amp;apos;4.0.0&amp;apos;, revision: &amp;apos;3a21814679&amp;apos;
System info: host: &amp;apos;SEZLAP-13554T&amp;apos;, ip: &amp;apos;192.168.1.211&amp;apos;, os.name: &amp;apos;Windows 10&amp;apos;, os.arch: &amp;apos;amd64&amp;apos;, os.version: &amp;apos;10.0&amp;apos;, java.version: &amp;apos;1.8.0_311&amp;apos;
Driver info: org.openqa.selenium.chrome.ChromeDriver
Capabilities {acceptInsecureCerts: false, browserName: chrome, browserVersion: 103.0.5060.134, chrome: {chromedriverVersion: 103.0.5060.134 (8ec6fce403b..., userDataDir: C:\Users\Kapil\AppData\Loca...}, goog:chromeOptions: {debuggerAddress: localhost:65451}, javascriptEnabled: true, networkConnectionEnabled: false, pageLoadStrategy: normal, platform: WINDOWS, platformName: WINDOWS, proxy: Proxy(), se:cdp: ws://localhost:65451/devtoo..., se:cdpVersion: 103.0.5060.134, setWindowRect: true, strictFileInteractability: false, timeouts: {implicit: 0, pageLoad: 300000, script: 30000}, unhandledPromptBehavior: dismiss and notify, webauthn:extension:credBlob: true, webauthn:extension:largeBlob: true, webauthn:virtualAuthenticators: true}
Session ID: 6948c3d116457f4c66984527aa922b13">
      <![CDATA[org.openqa.selenium.TimeoutException: Expected condition failed: waiting for element to be clickable: By.xpath: //button[text()='OK'] (tried for 60 second(s) with 500 milliseconds interval)
Build info: version: '4.0.0', revision: '3a21814679'
System info: host: 'SEZLAP-13554T', ip: '192.168.1.211', os.name: 'Windows 10', os.arch: 'amd64', os.version: '10.0', java.version: '1.8.0_311'
Driver info: org.openqa.selenium.chrome.ChromeDriver
Capabilities {acceptInsecureCerts: false, browserName: chrome, browserVersion: 103.0.5060.134, chrome: {chromedriverVersion: 103.0.5060.134 (8ec6fce403b..., userDataDir: C:\Users\Kapil\AppData\Loca...}, goog:chromeOptions: {debuggerAddress: localhost:65451}, javascriptEnabled: true, networkConnectionEnabled: false, pageLoadStrategy: normal, platform: WINDOWS, platformName: WINDOWS, proxy: Proxy(), se:cdp: ws://localhost:65451/devtoo..., se:cdpVersion: 103.0.5060.134, setWindowRect: true, strictFileInteractability: false, timeouts: {implicit: 0, pageLoad: 300000, script: 30000}, unhandledPromptBehavior: dismiss and notify, webauthn:extension:credBlob: true, webauthn:extension:largeBlob: true, webauthn:virtualAuthenticators: true}
Session ID: 6948c3d116457f4c66984527aa922b13
at org.openqa.selenium.support.ui.WebDriverWait.timeoutException(WebDriverWait.java:138)
at org.openqa.selenium.support.ui.FluentWait.until(FluentWait.java:231)
at com.apex.utils.ElementUtil.clickWhenReady(ElementUtil.java:360)
at com.apex.pages.SafeReconciliation.ClickOnSafeReconUIPopUpOkButton(SafeReconciliation.java:108)
at com.apex.testCases.SafeMaintenance.TC35verifyExpAmountSumInCheckAuditScreen(SafeMaintenance.java:1060)
at java.util.ArrayList.forEach(ArrayList.java:1259)
... Removed 27 stack frames]]>
    </failure>
  </testcase> <!-- TC35verifyExpAmountSumInCheckAuditScreen -->
  <testcase name="TC38verifyCheckDetailsButtonIsEnable" time="40.217" classname="com.apex.testCases.SafeMaintenance"/>
  <testcase name="TC39verifyINCLUDE_AR_CHARGES" time="54.472" classname="com.apex.testCases.SafeMaintenance"/>
  <testcase name="TC40verifySAFE_RECON_IN_PROCESS_OnSAfeReconScreen" time="83.108" classname="com.apex.testCases.SafeMaintenance"/>
  <testcase name="TC04verifyAllSitesCountandSiteNO" time="63.821" classname="com.apex.testCases.ViewSiteClosing"/>
  <testcase name="TC05verifyLastDayClosedDateAndCurrentDate" time="32.57" classname="com.apex.testCases.ViewSiteClosing"/>
  <testcase name="TC06verifyChangeOfSiteGroupShouldRefreshTheReportData" time="45.183" classname="com.apex.testCases.ViewSiteClosing"/>
  <testcase name="TC23verifyAuthorisationWindowWithInvalidcredentials" time="35.035" classname="com.apex.testCases.CashDrawerMaintenance"/>
  <testcase name="TC30changesIncurrencyCoinOtherTenders" time="55.267" classname="com.apex.testCases.CashDrawerMaintenance"/>
  <testcase name="TC41verifyActualExpectedAndOverShortAmount" time="87.081" classname="com.apex.testCases.CashDrawerMaintenance">
    <skipped/>
  </testcase> <!-- TC41verifyActualExpectedAndOverShortAmount -->
  <testcase name="TC41verifyActualExpectedAndOverShortAmount" time="87.007" classname="com.apex.testCases.CashDrawerMaintenance">
    <skipped/>
  </testcase> <!-- TC41verifyActualExpectedAndOverShortAmount -->
  <testcase name="TC41verifyActualExpectedAndOverShortAmount" time="135.726" classname="com.apex.testCases.CashDrawerMaintenance"/>
  <testcase name="TC48verifySuggestedFloatAmountInCashDrawerRecon" time="51.229" classname="com.apex.testCases.CashDrawerMaintenance">
    <skipped/>
  </testcase> <!-- TC48verifySuggestedFloatAmountInCashDrawerRecon -->
  <testcase name="TC48verifySuggestedFloatAmountInCashDrawerRecon" time="55.87" classname="com.apex.testCases.CashDrawerMaintenance"/>
  <testcase name="TC13verifySAFE_RECON_IN_PROCESS" time="0.0" classname="com.apex.testCases.SafeMaintenance">
    <ignored/>
  </testcase> <!-- TC13verifySAFE_RECON_IN_PROCESS -->
  <testcase name="TC45verifyPOSCASHDRAWERASSIGNEDRECON" time="0.0" classname="com.apex.testCases.CashDrawerMaintenance">
    <ignored/>
  </testcase> <!-- TC45verifyPOSCASHDRAWERASSIGNEDRECON -->
  <testcase name="TC08verifyCancelButton" time="0.0" classname="com.apex.testCases.SafeMaintenance">
    <ignored/>
  </testcase> <!-- TC08verifyCancelButton -->
  <testcase name="TC08createNewCashDrawerwithregidAndVerifySaveAction" time="0.0" classname="com.apex.testCases.CashDrawerMaintenance">
    <ignored/>
  </testcase> <!-- TC08createNewCashDrawerwithregidAndVerifySaveAction -->
  <testcase name="TC50verifyPOSCASHDRAWERASSIGNEDOnRecon" time="0.0" classname="com.apex.testCases.CashDrawerMaintenance">
    <ignored/>
  </testcase> <!-- TC50verifyPOSCASHDRAWERASSIGNEDOnRecon -->
  <testcase name="TC06verify_rolls_Sum" time="0.0" classname="com.apex.testCases.CashDrawerMaintenance">
    <ignored/>
  </testcase> <!-- TC06verify_rolls_Sum -->
  <testcase name="TC01verifySiteNoAndSiteNameAredisabledTextFiled" time="0.0" classname="com.apex.testCases.SafeMaintenance">
    <ignored/>
  </testcase> <!-- TC01verifySiteNoAndSiteNameAredisabledTextFiled -->
  <testcase name="TC44verifySAFE_RECON_IN_PROCESS_OnReconScreen" time="0.0" classname="com.apex.testCases.CashDrawerMaintenance">
    <ignored/>
  </testcase> <!-- TC44verifySAFE_RECON_IN_PROCESS_OnReconScreen -->
  <testcase name="TC03verifySiteGroupWithRemoteSites" time="0.0" classname="com.apex.testCases.ViewSiteClosing">
    <ignored/>
  </testcase> <!-- TC03verifySiteGroupWithRemoteSites -->
  <testcase name="TC19verifyThatOnly_Depositabe_Tenders_Are_Shown_In_The_Tender_Section" time="0.0" classname="com.apex.testCases.CashDrawerMaintenance">
    <ignored/>
  </testcase> <!-- TC19verifyThatOnly_Depositabe_Tenders_Are_Shown_In_The_Tender_Section -->
  <testcase name="TC02verifyCurrentSiteNoAndSiteName" time="0.0" classname="com.apex.testCases.MoveFundsTC">
    <ignored/>
  </testcase> <!-- TC02verifyCurrentSiteNoAndSiteName -->
  <testcase name="TC02verifyTitleAndCloseButton" time="0.0" classname="com.apex.testCases.CashManagementReports">
    <ignored/>
  </testcase> <!-- TC02verifyTitleAndCloseButton -->
  <testcase name="TC26verifyCurrencyCoinsSection" time="0.0" classname="com.apex.testCases.SafeMaintenance">
    <ignored/>
  </testcase> <!-- TC26verifyCurrencyCoinsSection -->
  <testcase name="TC35verifyThatAssignToRegisterIsMandatory" time="0.0" classname="com.apex.testCases.CashDrawerMaintenance">
    <ignored/>
  </testcase> <!-- TC35verifyThatAssignToRegisterIsMandatory -->
  <testcase name="TC04verifyEnablingOfSiteCheckBox" time="0.0" classname="com.apex.testCases.CashManagementReports">
    <ignored/>
  </testcase> <!-- TC04verifyEnablingOfSiteCheckBox -->
  <testcase name="TC16verifyPOSCASHDRAWERASSIGNED" time="0.0" classname="com.apex.testCases.CashDrawerMaintenance">
    <ignored/>
  </testcase> <!-- TC16verifyPOSCASHDRAWERASSIGNED -->
  <testcase name="TC03verifyTransactionDate" time="0.0" classname="com.apex.testCases.SafeMaintenance">
    <ignored/>
  </testcase> <!-- TC03verifyTransactionDate -->
  <testcase name="TC09verify_Exit_Button_SafeReceipt" time="0.0" classname="com.apex.testCases.SafeMaintenance">
    <ignored/>
  </testcase> <!-- TC09verify_Exit_Button_SafeReceipt -->
  <testcase name="TC10verify_Clear_Button_cashDrawerSetUp" time="0.0" classname="com.apex.testCases.CashDrawerMaintenance">
    <ignored/>
  </testcase> <!-- TC10verify_Clear_Button_cashDrawerSetUp -->
  <testcase name="TC27verifyTenderCashAmountInCashDrawerDeclaration" time="0.0" classname="com.apex.testCases.CashDrawerMaintenance">
    <ignored/>
  </testcase> <!-- TC27verifyTenderCashAmountInCashDrawerDeclaration -->
  <testcase name="TC21verifyExitButtonCashDrawerDecelaration" time="0.0" classname="com.apex.testCases.CashDrawerMaintenance">
    <ignored/>
  </testcase> <!-- TC21verifyExitButtonCashDrawerDecelaration -->
  <testcase name="TC17verifyTheSuggestedFloatAmountShouldBeComingFromTheQuery" time="0.0" classname="com.apex.testCases.CashDrawerMaintenance">
    <ignored/>
  </testcase> <!-- TC17verifyTheSuggestedFloatAmountShouldBeComingFromTheQuery -->
  <testcase name="TC11verify_Exit_Button_CashDrawerSetUp" time="0.0" classname="com.apex.testCases.CashDrawerMaintenance">
    <ignored/>
  </testcase> <!-- TC11verify_Exit_Button_CashDrawerSetUp -->
  <testcase name="TC28VerifyActualFloatAmount" time="0.0" classname="com.apex.testCases.SafeMaintenance">
    <ignored/>
  </testcase> <!-- TC28VerifyActualFloatAmount -->
  <testcase name="TC20verifyCurrentSiteNoAndSiteName" time="0.0" classname="com.apex.testCases.SafeMaintenance">
    <ignored/>
  </testcase> <!-- TC20verifyCurrentSiteNoAndSiteName -->
  <testcase name="TC56verifyAuthorizationWindowWithWrongCredentail" time="0.0" classname="com.apex.testCases.CashDrawerMaintenance">
    <ignored/>
  </testcase> <!-- TC56verifyAuthorizationWindowWithWrongCredentail -->
  <testcase name="TC34verifyCheckdetailsValueISAddedToCheckField" time="0.0" classname="com.apex.testCases.CashDrawerMaintenance">
    <ignored/>
  </testcase> <!-- TC34verifyCheckdetailsValueISAddedToCheckField -->
  <testcase name="TC02verifySiteGroupWithFranchiseHQ" time="0.0" classname="com.apex.testCases.ViewSiteClosing">
    <ignored/>
  </testcase> <!-- TC02verifySiteGroupWithFranchiseHQ -->
  <testcase name="TC54verifyCashBoxshouldbematchingtherecordsasperMMSOWithReg_ID" time="0.0" classname="com.apex.testCases.CashDrawerMaintenance">
    <ignored/>
  </testcase> <!-- TC54verifyCashBoxshouldbematchingtherecordsasperMMSOWithReg_ID -->
  <testcase name="verifyAuthCancelButton" time="0.0" classname="com.apex.testCases.CashDrawerMaintenance">
    <ignored/>
  </testcase> <!-- verifyAuthCancelButton -->
  <testcase name="TC42VerifySiteNoAndSiteNameAreDisabled" time="0.0" classname="com.apex.testCases.CashDrawerMaintenance">
    <ignored/>
  </testcase> <!-- TC42VerifySiteNoAndSiteNameAreDisabled -->
  <testcase name="TC43VerifyCancelButton" time="0.0" classname="com.apex.testCases.CashDrawerMaintenance">
    <ignored/>
  </testcase> <!-- TC43VerifyCancelButton -->
  <testcase name="TC24verifycashBoxLovData" time="0.0" classname="com.apex.testCases.CashDrawerMaintenance">
    <ignored/>
  </testcase> <!-- TC24verifycashBoxLovData -->
  <testcase name="TC49verifyTheActualAmount" time="0.0" classname="com.apex.testCases.CashDrawerMaintenance">
    <ignored/>
  </testcase> <!-- TC49verifyTheActualAmount -->
  <testcase name="TC02verifyTypeLovData" time="0.0" classname="com.apex.testCases.SafeMaintenance">
    <ignored/>
  </testcase> <!-- TC02verifyTypeLovData -->
  <testcase name="TC11verifyTotalAmountCalculation" time="0.0" classname="com.apex.testCases.SafeMaintenance">
    <ignored/>
  </testcase> <!-- TC11verifyTotalAmountCalculation -->
  <testcase name="TC01verifyDefaultsitewithloggedinsite" time="0.0" classname="com.apex.testCases.CashManagementReports">
    <ignored/>
  </testcase> <!-- TC01verifyDefaultsitewithloggedinsite -->
  <testcase name="TC22verifyCancelButtonCashDrawerDecelaration" time="0.0" classname="com.apex.testCases.CashDrawerMaintenance">
    <ignored/>
  </testcase> <!-- TC22verifyCancelButtonCashDrawerDecelaration -->
  <testcase name="TC24verifyReconciliationDate" time="0.0" classname="com.apex.testCases.SafeMaintenance">
    <ignored/>
  </testcase> <!-- TC24verifyReconciliationDate -->
  <testcase name="TC04verifyRegisterLovshouldbematchingtherecordsasperMMSO" time="0.0" classname="com.apex.testCases.CashDrawerMaintenance">
    <ignored/>
  </testcase> <!-- TC04verifyRegisterLovshouldbematchingtherecordsasperMMSO -->
  <testcase name="TC59verifyCASH_RECON_USER_NOTDECL_USER" time="0.0" classname="com.apex.testCases.CashDrawerMaintenance">
    <ignored/>
  </testcase> <!-- TC59verifyCASH_RECON_USER_NOTDECL_USER -->
  <testcase name="TC32verifyTheCashDrawerValidationMessage" time="0.0" classname="com.apex.testCases.CashDrawerMaintenance">
    <ignored/>
  </testcase> <!-- TC32verifyTheCashDrawerValidationMessage -->
  <testcase name="TC46verifyCheckDetailsButtonIsEnable" time="0.0" classname="com.apex.testCases.CashDrawerMaintenance">
    <ignored/>
  </testcase> <!-- TC46verifyCheckDetailsButtonIsEnable -->
  <testcase name="TC31verifyOverShortAmount" time="0.0" classname="com.apex.testCases.SafeMaintenance">
    <ignored/>
  </testcase> <!-- TC31verifyOverShortAmount -->
  <testcase name="TC05verify_Currency_Sum" time="0.0" classname="com.apex.testCases.CashDrawerMaintenance">
    <ignored/>
  </testcase> <!-- TC05verify_Currency_Sum -->
  <testcase name="TC57verifyCoinsCurrencyandTenderSection" time="0.0" classname="com.apex.testCases.CashDrawerMaintenance">
    <ignored/>
  </testcase> <!-- TC57verifyCoinsCurrencyandTenderSection -->
  <testcase name="TC03verifyAuthorizationWindowWithWrongcredentials" time="0.0" classname="com.apex.testCases.CashDrawerMaintenance">
    <ignored/>
  </testcase> <!-- TC03verifyAuthorizationWindowWithWrongcredentials -->
  <testcase name="TC09VerifyCashAmountInTenderSectionAgainstCurrencyAndCoinsSection" time="0.0" classname="com.apex.testCases.MoveFundsTC">
    <ignored/>
  </testcase> <!-- TC09VerifyCashAmountInTenderSectionAgainstCurrencyAndCoinsSection -->
  <testcase name="TC20verifySiteNoAndSiteNameTextFiledAreVisible" time="0.0" classname="com.apex.testCases.CashDrawerMaintenance">
    <ignored/>
  </testcase> <!-- TC20verifySiteNoAndSiteNameTextFiledAreVisible -->
  <testcase name="TC36verifyThatCashDrawerIsMandatory" time="0.0" classname="com.apex.testCases.CashDrawerMaintenance">
    <ignored/>
  </testcase> <!-- TC36verifyThatCashDrawerIsMandatory -->
  <testcase name="TC53verifyRegisterLovshouldbematchingtherecordsasperMMSO" time="0.0" classname="com.apex.testCases.CashDrawerMaintenance">
    <ignored/>
  </testcase> <!-- TC53verifyRegisterLovshouldbematchingtherecordsasperMMSO -->
  <testcase name="TC14verifyCancelButtonOnAuthWindow" time="0.0" classname="com.apex.testCases.SafeMaintenance">
    <ignored/>
  </testcase> <!-- TC14verifyCancelButtonOnAuthWindow -->
  <testcase name="TC23verifyAuthWindowWithWrongCredentials" time="0.0" classname="com.apex.testCases.SafeMaintenance">
    <ignored/>
  </testcase> <!-- TC23verifyAuthWindowWithWrongCredentials -->
  <testcase name="TC10verifyTotalAmountAgainstCurrencyCoinsSectionAndTenderSections" time="0.0" classname="com.apex.testCases.MoveFundsTC">
    <ignored/>
  </testcase> <!-- TC10verifyTotalAmountAgainstCurrencyCoinsSectionAndTenderSections -->
  <testcase name="TC22verifyExitButtonOnSafeReconScreen" time="0.0" classname="com.apex.testCases.SafeMaintenance">
    <ignored/>
  </testcase> <!-- TC22verifyExitButtonOnSafeReconScreen -->
  <testcase name="TC01verifyPageTitle" time="0.0" classname="com.apex.testCases.MoveFundsTC">
    <ignored/>
  </testcase> <!-- TC01verifyPageTitle -->
  <testcase name="TC36verifyOverShortAmountInCheckAuditScreen" time="0.0" classname="com.apex.testCases.SafeMaintenance">
    <ignored/>
  </testcase> <!-- TC36verifyOverShortAmountInCheckAuditScreen -->
  <testcase name="TC18verifySAFE_RECON_IN_PROCESS" time="0.0" classname="com.apex.testCases.CashDrawerMaintenance">
    <ignored/>
  </testcase> <!-- TC18verifySAFE_RECON_IN_PROCESS -->
  <testcase name="TC12verify_CurrencySection_With_Invalid_Data" time="0.0" classname="com.apex.testCases.CashDrawerMaintenance">
    <ignored/>
  </testcase> <!-- TC12verify_CurrencySection_With_Invalid_Data -->
  <testcase name="TC14verifyAssignToRegisterSearchWithValidData" time="0.0" classname="com.apex.testCases.CashDrawerMaintenance">
    <ignored/>
  </testcase> <!-- TC14verifyAssignToRegisterSearchWithValidData -->
  <testcase name="TC40verifyThatCashDrawerLovIsWorkingWithInValidData" time="0.0" classname="com.apex.testCases.CashDrawerMaintenance">
    <ignored/>
  </testcase> <!-- TC40verifyThatCashDrawerLovIsWorkingWithInValidData -->
  <testcase name="TC07verifyExitButton" time="0.0" classname="com.apex.testCases.ViewSiteClosing">
    <ignored/>
  </testcase> <!-- TC07verifyExitButton -->
  <testcase name="TC04verifybillName" time="0.0" classname="com.apex.testCases.SafeMaintenance">
    <ignored/>
  </testcase> <!-- TC04verifybillName -->
  <testcase name="TC07verify_Loose_Sum" time="0.0" classname="com.apex.testCases.CashDrawerMaintenance">
    <ignored/>
  </testcase> <!-- TC07verify_Loose_Sum -->
  <testcase name="TC16verifyTransactionDateSearchWithInValidData" time="0.0" classname="com.apex.testCases.SafeMaintenance">
    <ignored/>
  </testcase> <!-- TC16verifyTransactionDateSearchWithInValidData -->
  <testcase name="TC44VerifyThatCashDrawerTextFieldIsAMandatory" time="0.0" classname="com.apex.testCases.CashDrawerMaintenance">
    <ignored/>
  </testcase> <!-- TC44VerifyThatCashDrawerTextFieldIsAMandatory -->
  <testcase name="TC05verifyCoinName" time="0.0" classname="com.apex.testCases.SafeMaintenance">
    <ignored/>
  </testcase> <!-- TC05verifyCoinName -->
  <testcase name="TC38verifyThatAssignToRegisterSearchIsWorkingWithInValidData" time="0.0" classname="com.apex.testCases.CashDrawerMaintenance">
    <ignored/>
  </testcase> <!-- TC38verifyThatAssignToRegisterSearchIsWorkingWithInValidData -->
  <testcase name="TC15verifyTransactionDateSearchWithValidData" time="0.0" classname="com.apex.testCases.SafeMaintenance">
    <ignored/>
  </testcase> <!-- TC15verifyTransactionDateSearchWithValidData -->
  <testcase name="TC55verifyExitButtonIsWorking" time="0.0" classname="com.apex.testCases.CashDrawerMaintenance">
    <ignored/>
  </testcase> <!-- TC55verifyExitButtonIsWorking -->
  <testcase name="TC25verifyRegLovData" time="0.0" classname="com.apex.testCases.CashDrawerMaintenance">
    <ignored/>
  </testcase> <!-- TC25verifyRegLovData -->
  <testcase name="TC26verifyHeaderFieldsGreyedOut" time="0.0" classname="com.apex.testCases.CashDrawerMaintenance">
    <ignored/>
  </testcase> <!-- TC26verifyHeaderFieldsGreyedOut -->
  <testcase name="TC03verifyPreviewButton" time="0.0" classname="com.apex.testCases.CashManagementReports">
    <ignored/>
  </testcase> <!-- TC03verifyPreviewButton -->
  <testcase name="TC09createNewCashDrawerwithoutregidAndVerifySaveAction" time="0.0" classname="com.apex.testCases.CashDrawerMaintenance">
    <ignored/>
  </testcase> <!-- TC09createNewCashDrawerwithoutregidAndVerifySaveAction -->
  <testcase name="TC10verify_Cash_Amount_RowinTender_Region" time="0.0" classname="com.apex.testCases.SafeMaintenance">
    <ignored/>
  </testcase> <!-- TC10verify_Cash_Amount_RowinTender_Region -->
  <testcase name="TC06verifyThatSiteGroupValueIndividualCorpHQSiteIsEnable" time="0.0" classname="com.apex.testCases.CashManagementReports">
    <ignored/>
  </testcase> <!-- TC06verifyThatSiteGroupValueIndividualCorpHQSiteIsEnable -->
  <testcase name="TC08verifyThatSiteGroupValueIndividualRemoteSite" time="0.0" classname="com.apex.testCases.CashManagementReports">
    <ignored/>
  </testcase> <!-- TC08verifyThatSiteGroupValueIndividualRemoteSite -->
  <testcase name="TC07verifyThatSiteGroupValueIndividualCorpRemoteSite" time="0.0" classname="com.apex.testCases.CashManagementReports">
    <ignored/>
  </testcase> <!-- TC07verifyThatSiteGroupValueIndividualCorpRemoteSite -->
  <testcase name="TC12verifyDataChangesOnSave" time="0.0" classname="com.apex.testCases.SafeMaintenance">
    <ignored/>
  </testcase> <!-- TC12verifyDataChangesOnSave -->
  <testcase name="TC39verifyThatCashDrawerLovSearchIsWorkingWithValidData" time="0.0" classname="com.apex.testCases.CashDrawerMaintenance">
    <ignored/>
  </testcase> <!-- TC39verifyThatCashDrawerLovSearchIsWorkingWithValidData -->
  <testcase name="TC19verifyPageTitle" time="0.0" classname="com.apex.testCases.SafeMaintenance">
    <ignored/>
  </testcase> <!-- TC19verifyPageTitle -->
  <testcase name="TC47verifyCSHBOX_FORCE_DECLARATION" time="0.0" classname="com.apex.testCases.CashDrawerMaintenance">
    <ignored/>
  </testcase> <!-- TC47verifyCSHBOX_FORCE_DECLARATION -->
  <testcase name="TC05verifyEnablingOfSiteGroupCheckBox" time="0.0" classname="com.apex.testCases.CashManagementReports">
    <ignored/>
  </testcase> <!-- TC05verifyEnablingOfSiteGroupCheckBox -->
  <testcase name="TC37verifyThatAssignToRegisterSearchIsWorkingWithValidData" time="0.0" classname="com.apex.testCases.CashDrawerMaintenance">
    <ignored/>
  </testcase> <!-- TC37verifyThatAssignToRegisterSearchIsWorkingWithValidData -->
  <testcase name="TC03verifyCurrentSiteNoAndSiteNameDisabled" time="0.0" classname="com.apex.testCases.MoveFundsTC">
    <ignored/>
  </testcase> <!-- TC03verifyCurrentSiteNoAndSiteNameDisabled -->
  <testcase name="TC37verifyCancelButtonOnAuthWindow" time="0.0" classname="com.apex.testCases.SafeMaintenance">
    <ignored/>
  </testcase> <!-- TC37verifyCancelButtonOnAuthWindow -->
  <testcase name="TC21verifyCancleButtonOnSafeReconScreen" time="0.0" classname="com.apex.testCases.SafeMaintenance">
    <ignored/>
  </testcase> <!-- TC21verifyCancleButtonOnSafeReconScreen -->
  <testcase name="TC33verifyPOSCASHDRAWERASSIGNED" time="0.0" classname="com.apex.testCases.CashDrawerMaintenance">
    <ignored/>
  </testcase> <!-- TC33verifyPOSCASHDRAWERASSIGNED -->
  <testcase name="TC06AutoReconciletenderswillnotbeshown" time="0.0" classname="com.apex.testCases.SafeMaintenance">
    <ignored/>
  </testcase> <!-- TC06AutoReconciletenderswillnotbeshown -->
  <testcase name="TC07verifyAuthorizationWindowWithWrongcredentials" time="0.0" classname="com.apex.testCases.SafeMaintenance">
    <ignored/>
  </testcase> <!-- TC07verifyAuthorizationWindowWithWrongcredentials -->
  <testcase name="TC27verifyTotalActualAmountInTenderSection" time="0.0" classname="com.apex.testCases.SafeMaintenance">
    <ignored/>
  </testcase> <!-- TC27verifyTotalActualAmountInTenderSection -->
  <testcase name="TC15verifyAssignToRegisterSearchWithInValidData" time="0.0" classname="com.apex.testCases.CashDrawerMaintenance">
    <ignored/>
  </testcase> <!-- TC15verifyAssignToRegisterSearchWithInValidData -->
  <testcase name="TC31verifyTheAssignToRegisterValidationMessage" time="0.0" classname="com.apex.testCases.CashDrawerMaintenance">
    <ignored/>
  </testcase> <!-- TC31verifyTheAssignToRegisterValidationMessage -->
  <testcase name="TC02verifyCurrencySectionValidationMessagesOnCashdrawerSetupScreen" time="0.0" classname="com.apex.testCases.CashDrawerMaintenance">
    <ignored/>
  </testcase> <!-- TC02verifyCurrencySectionValidationMessagesOnCashdrawerSetupScreen -->
  <testcase name="TC01verifySiteGroupWithCorporateHQ" time="0.0" classname="com.apex.testCases.ViewSiteClosing">
    <ignored/>
  </testcase> <!-- TC01verifySiteGroupWithCorporateHQ -->
  <testcase name="TC51verifyINCLUDE_AR_CHARGES" time="0.0" classname="com.apex.testCases.CashDrawerMaintenance">
    <ignored/>
  </testcase> <!-- TC51verifyINCLUDE_AR_CHARGES -->
  <testcase name="TC01oginWithValidCredentials" time="0.0" classname="com.apex.testCases.CashDrawerMaintenance">
    <ignored/>
  </testcase> <!-- TC01oginWithValidCredentials -->
  <testcase name="TC58verifyCashBoxshouldbematchingtherecordsasperMMSOWithoutReg_ID" time="0.0" classname="com.apex.testCases.CashDrawerMaintenance">
    <ignored/>
  </testcase> <!-- TC58verifyCashBoxshouldbematchingtherecordsasperMMSOWithoutReg_ID -->
  <testcase name="TC13verifySiteNoAndSiteNameAreDisabled" time="0.0" classname="com.apex.testCases.CashDrawerMaintenance">
    <ignored/>
  </testcase> <!-- TC13verifySiteNoAndSiteNameAreDisabled -->
</testsuite> <!-- Test(failed) -->
